Determining if the pthread_create exist failed with the following output:
Change Dir: /home/keir/catkin_ws/src/get_pose/build/CMakeFiles/CMakeTmp

Run Build Command:"/usr/bin/make" "cmTC_cef8d/fast"
/usr/bin/make -f CMakeFiles/cmTC_cef8d.dir/build.make CMakeFiles/cmTC_cef8d.dir/build
make[1]: Entering directory '/home/keir/catkin_ws/src/get_pose/build/CMakeFiles/CMakeTmp'
Building C object CMakeFiles/cmTC_cef8d.dir/CheckSymbolExists.c.o
/usr/bin/cc     -o CMakeFiles/cmTC_cef8d.dir/CheckSymbolExists.c.o   -c /home/keir/catkin_ws/src/get_pose/build/CMakeFiles/CMakeTmp/CheckSymbolExists.c
Linking C executable cmTC_cef8d
/usr/bin/cmake -E cmake_link_script CMakeFiles/cmTC_cef8d.dir/link.txt --verbose=1
/usr/bin/cc       CMakeFiles/cmTC_cef8d.dir/CheckSymbolExists.c.o  -o cmTC_cef8d -rdynamic 
CMakeFiles/cmTC_cef8d.dir/CheckSymbolExists.c.o: In function `main':
CheckSymbolExists.c:(.text+0x16): undefined reference to `pthread_create'
collect2: error: ld returned 1 exit status
CMakeFiles/cmTC_cef8d.dir/build.make:97: recipe for target 'cmTC_cef8d' failed
make[1]: *** [cmTC_cef8d] Error 1
make[1]: Leaving directory '/home/keir/catkin_ws/src/get_pose/build/CMakeFiles/CMakeTmp'
Makefile:126: recipe for target 'cmTC_cef8d/fast' failed
make: *** [cmTC_cef8d/fast] Error 2

File /home/keir/catkin_ws/src/get_pose/build/CMakeFiles/CMakeTmp/CheckSymbolExists.c:
/* */
#include <pthread.h>

int main(int argc, char** argv)
{
  (void)argv;
#ifndef pthread_create
  return ((int*)(&pthread_create))[argc];
#else
  (void)argc;
  return 0;
#endif
}

Determining if the function pthread_create exists in the pthreads failed with the following output:
Change Dir: /home/keir/catkin_ws/src/get_pose/build/CMakeFiles/CMakeTmp

Run Build Command:"/usr/bin/make" "cmTC_c7457/fast"
/usr/bin/make -f CMakeFiles/cmTC_c7457.dir/build.make CMakeFiles/cmTC_c7457.dir/build
make[1]: Entering directory '/home/keir/catkin_ws/src/get_pose/build/CMakeFiles/CMakeTmp'
Building C object CMakeFiles/cmTC_c7457.dir/CheckFunctionExists.c.o
/usr/bin/cc    -DCHECK_FUNCTION_EXISTS=pthread_create   -o CMakeFiles/cmTC_c7457.dir/CheckFunctionExists.c.o   -c /usr/share/cmake-3.5/Modules/CheckFunctionExists.c
Linking C executable cmTC_c7457
/usr/bin/cmake -E cmake_link_script CMakeFiles/cmTC_c7457.dir/link.txt --verbose=1
/usr/bin/cc   -DCHECK_FUNCTION_EXISTS=pthread_create    CMakeFiles/cmTC_c7457.dir/CheckFunctionExists.c.o  -o cmTC_c7457 -rdynamic -lpthreads 
/usr/bin/ld: cannot find -lpthreads
collect2: error: ld returned 1 exit status
CMakeFiles/cmTC_c7457.dir/build.make:97: recipe for target 'cmTC_c7457' failed
make[1]: *** [cmTC_c7457] Error 1
make[1]: Leaving directory '/home/keir/catkin_ws/src/get_pose/build/CMakeFiles/CMakeTmp'
Makefile:126: recipe for target 'cmTC_c7457/fast' failed
make: *** [cmTC_c7457/fast] Error 2


